

***************************
APPLICATION FAILED TO START
***************************

Description:

Field dao in com.czk.hope.util.jpa.CrudService required a bean named 'entityManagerFactory' that could not be found.

The injection point has the following annotations:
	- @org.springframework.beans.factory.annotation.Autowired(required=true)


Action:

Consider defining a bean named 'entityManagerFactory' in your configuration.



***************************
APPLICATION FAILED TO START
***************************

Description:

Field dao in com.czk.hope.util.jpa.CrudService required a bean named 'entityManagerFactory' that could not be found.

The injection point has the following annotations:
	- @org.springframework.beans.factory.annotation.Autowired(required=true)


Action:

Consider defining a bean named 'entityManagerFactory' in your configuration.



***************************
APPLICATION FAILED TO START
***************************

Description:

Field dao in com.czk.hope.util.jpa.CrudService required a bean named 'entityManagerFactory' that could not be found.

The injection point has the following annotations:
	- @org.springframework.beans.factory.annotation.Autowired(required=true)


Action:

Consider defining a bean named 'entityManagerFactory' in your configuration.



***************************
APPLICATION FAILED TO START
***************************

Description:

Field dao in com.czk.hope.util.jpa.CrudService required a bean named 'entityManagerFactory' that could not be found.

The injection point has the following annotations:
	- @org.springframework.beans.factory.annotation.Autowired(required=true)


Action:

Consider defining a bean named 'entityManagerFactory' in your configuration.



***************************
APPLICATION FAILED TO START
***************************

Description:

Field dao in com.czk.hope.util.jpa.CrudService required a bean named 'entityManagerFactory' that could not be found.

The injection point has the following annotations:
	- @org.springframework.beans.factory.annotation.Autowired(required=true)


Action:

Consider defining a bean named 'entityManagerFactory' in your configuration.



***************************
APPLICATION FAILED TO START
***************************

Description:

Field dao in com.czk.hope.util.jpa.CrudService required a bean named 'entityManagerFactory' that could not be found.

The injection point has the following annotations:
	- @org.springframework.beans.factory.annotation.Autowired(required=true)


Action:

Consider defining a bean named 'entityManagerFactory' in your configuration.



***************************
APPLICATION FAILED TO START
***************************

Description:

Field dao in com.czk.hope.util.jpa.CrudService required a bean named 'entityManagerFactory' that could not be found.

The injection point has the following annotations:
	- @org.springframework.beans.factory.annotation.Autowired(required=true)


Action:

Consider defining a bean named 'entityManagerFactory' in your configuration.



***************************
APPLICATION FAILED TO START
***************************

Description:

Field dao in com.czk.hope.util.jpa.CrudService required a bean named 'entityManagerFactory' that could not be found.

The injection point has the following annotations:
	- @org.springframework.beans.factory.annotation.Autowired(required=true)


Action:

Consider defining a bean named 'entityManagerFactory' in your configuration.



***************************
APPLICATION FAILED TO START
***************************

Description:

Field dao in com.czk.hope.util.jpa.CrudService required a bean named 'entityManagerFactory' that could not be found.

The injection point has the following annotations:
	- @org.springframework.beans.factory.annotation.Autowired(required=true)


Action:

Consider defining a bean named 'entityManagerFactory' in your configuration.



***************************
APPLICATION FAILED TO START
***************************

Description:

Field dao in com.czk.hope.util.jpa.CrudService required a bean named 'entityManagerFactory' that could not be found.

The injection point has the following annotations:
	- @org.springframework.beans.factory.annotation.Autowired(required=true)


Action:

Consider defining a bean named 'entityManagerFactory' in your configuration.

