Starting Application on DESKTOP-QHEKKM1 with PID 36268 (E:\czk\myProject\springboot-series\springboot-api\target\classes started by Kobe in E:\czk\myProject\springboot-series)
The following profiles are active: dev
Devtools property defaults active! Set 'spring.devtools.add-properties' to 'false' to disable
For additional web related logging consider setting the 'logging.level.web' property to 'DEBUG'
Multiple Spring Data modules found, entering strict repository configuration mode!
Bootstrapping Spring Data repositories in DEFAULT mode.
Finished Spring Data repository scanning in 101ms. Found 1 repository interfaces.
Multiple Spring Data modules found, entering strict repository configuration mode!
Bootstrapping Spring Data repositories in DEFAULT mode.
Finished Spring Data repository scanning in 18ms. Found 0 repository interfaces.
Tomcat initialized with port(s): 8080 (http)
Initializing ProtocolHandler ["http-nio-8080"]
Starting service [Tomcat]
Starting Servlet engine: [Apache Tomcat/9.0.22]
Initializing Spring embedded WebApplicationContext
Root WebApplicationContext: initialization completed in 4145 ms
Exception encountered during context initialization - cancelling refresh attempt: org.springframework.beans.factory.UnsatisfiedDependencyException: Error creating bean with name 'generatorController': Unsatisfied dependency expressed through field 'generatorService'; nested exception is org.springframework.beans.factory.UnsatisfiedDependencyException: Error creating bean with name 'generatorServiceImpl': Unsatisfied dependency expressed through field 'dao'; nested exception is org.springframework.beans.factory.BeanCreationException: Error creating bean with name 'userRepository': Cannot create inner bean '(inner bean)#2a25a134' of type [org.springframework.orm.jpa.SharedEntityManagerCreator] while setting bean property 'entityManager'; nested exception is org.springframework.beans.factory.BeanCreationException: Error creating bean with name '(inner bean)#2a25a134': Cannot resolve reference to bean 'entityManagerFactory' while setting constructor argument; nested exception is org.springframework.beans.factory.NoSuchBeanDefinitionException: No bean named 'entityManagerFactory' available
Stopping service [Tomcat]
The web application [ROOT] appears to have started a thread named [Abandoned connection cleanup thread] but has failed to stop it. This is very likely to create a memory leak. Stack trace of thread:
 java.lang.Object.wait(Native Method)
 java.lang.ref.ReferenceQueue.remove(ReferenceQueue.java:143)
 com.mysql.jdbc.AbandonedConnectionCleanupThread.run(AbandonedConnectionCleanupThread.java:43)


Error starting ApplicationContext. To display the conditions report re-run your application with 'debug' enabled.
Starting Application on DESKTOP-QHEKKM1 with PID 34568 (E:\czk\myProject\springboot-series\springboot-api\target\classes started by Kobe in E:\czk\myProject\springboot-series)
The following profiles are active: dev
Devtools property defaults active! Set 'spring.devtools.add-properties' to 'false' to disable
For additional web related logging consider setting the 'logging.level.web' property to 'DEBUG'
Multiple Spring Data modules found, entering strict repository configuration mode!
Bootstrapping Spring Data repositories in DEFAULT mode.
Finished Spring Data repository scanning in 132ms. Found 1 repository interfaces.
Multiple Spring Data modules found, entering strict repository configuration mode!
Bootstrapping Spring Data repositories in DEFAULT mode.
Finished Spring Data repository scanning in 16ms. Found 0 repository interfaces.
Tomcat initialized with port(s): 8080 (http)
Initializing ProtocolHandler ["http-nio-8080"]
Starting service [Tomcat]
Starting Servlet engine: [Apache Tomcat/9.0.22]
Initializing Spring embedded WebApplicationContext
Root WebApplicationContext: initialization completed in 6167 ms
Exception encountered during context initialization - cancelling refresh attempt: org.springframework.beans.factory.UnsatisfiedDependencyException: Error creating bean with name 'generatorController': Unsatisfied dependency expressed through field 'generatorService'; nested exception is org.springframework.beans.factory.UnsatisfiedDependencyException: Error creating bean with name 'generatorServiceImpl': Unsatisfied dependency expressed through field 'dao'; nested exception is org.springframework.beans.factory.BeanCreationException: Error creating bean with name 'userRepository': Cannot create inner bean '(inner bean)#4b0488eb' of type [org.springframework.orm.jpa.SharedEntityManagerCreator] while setting bean property 'entityManager'; nested exception is org.springframework.beans.factory.BeanCreationException: Error creating bean with name '(inner bean)#4b0488eb': Cannot resolve reference to bean 'entityManagerFactory' while setting constructor argument; nested exception is org.springframework.beans.factory.NoSuchBeanDefinitionException: No bean named 'entityManagerFactory' available
Stopping service [Tomcat]
The web application [ROOT] appears to have started a thread named [Abandoned connection cleanup thread] but has failed to stop it. This is very likely to create a memory leak. Stack trace of thread:
 java.lang.Object.wait(Native Method)
 java.lang.ref.ReferenceQueue.remove(ReferenceQueue.java:143)
 com.mysql.jdbc.AbandonedConnectionCleanupThread.run(AbandonedConnectionCleanupThread.java:43)


Error starting ApplicationContext. To display the conditions report re-run your application with 'debug' enabled.
Starting Application on DESKTOP-QHEKKM1 with PID 25564 (E:\czk\myProject\springboot-series\springboot-api\target\classes started by Kobe in E:\czk\myProject\springboot-series)
The following profiles are active: dev
Devtools property defaults active! Set 'spring.devtools.add-properties' to 'false' to disable
For additional web related logging consider setting the 'logging.level.web' property to 'DEBUG'
Multiple Spring Data modules found, entering strict repository configuration mode!
Bootstrapping Spring Data repositories in DEFAULT mode.
Finished Spring Data repository scanning in 101ms. Found 1 repository interfaces.
Multiple Spring Data modules found, entering strict repository configuration mode!
Bootstrapping Spring Data repositories in DEFAULT mode.
Finished Spring Data repository scanning in 16ms. Found 0 repository interfaces.
Tomcat initialized with port(s): 8080 (http)
Initializing ProtocolHandler ["http-nio-8080"]
Starting service [Tomcat]
Starting Servlet engine: [Apache Tomcat/9.0.22]
Initializing Spring embedded WebApplicationContext
Root WebApplicationContext: initialization completed in 3500 ms
Exception encountered during context initialization - cancelling refresh attempt: org.springframework.beans.factory.UnsatisfiedDependencyException: Error creating bean with name 'generatorController': Unsatisfied dependency expressed through field 'generatorService'; nested exception is org.springframework.beans.factory.UnsatisfiedDependencyException: Error creating bean with name 'generatorServiceImpl': Unsatisfied dependency expressed through field 'dao'; nested exception is org.springframework.beans.factory.BeanCreationException: Error creating bean with name 'userRepository': Cannot create inner bean '(inner bean)#369e21ca' of type [org.springframework.orm.jpa.SharedEntityManagerCreator] while setting bean property 'entityManager'; nested exception is org.springframework.beans.factory.BeanCreationException: Error creating bean with name '(inner bean)#369e21ca': Cannot resolve reference to bean 'entityManagerFactory' while setting constructor argument; nested exception is org.springframework.beans.factory.NoSuchBeanDefinitionException: No bean named 'entityManagerFactory' available
Stopping service [Tomcat]
The web application [ROOT] appears to have started a thread named [Abandoned connection cleanup thread] but has failed to stop it. This is very likely to create a memory leak. Stack trace of thread:
 java.lang.Object.wait(Native Method)
 java.lang.ref.ReferenceQueue.remove(ReferenceQueue.java:143)
 com.mysql.jdbc.AbandonedConnectionCleanupThread.run(AbandonedConnectionCleanupThread.java:43)


Error starting ApplicationContext. To display the conditions report re-run your application with 'debug' enabled.
Starting Application on DESKTOP-QHEKKM1 with PID 14320 (E:\czk\myProject\springboot-series\springboot-api\target\classes started by Kobe in E:\czk\myProject\springboot-series)
The following profiles are active: dev
Devtools property defaults active! Set 'spring.devtools.add-properties' to 'false' to disable
For additional web related logging consider setting the 'logging.level.web' property to 'DEBUG'
Multiple Spring Data modules found, entering strict repository configuration mode!
Bootstrapping Spring Data repositories in DEFAULT mode.
Finished Spring Data repository scanning in 95ms. Found 1 repository interfaces.
Multiple Spring Data modules found, entering strict repository configuration mode!
Bootstrapping Spring Data repositories in DEFAULT mode.
Finished Spring Data repository scanning in 17ms. Found 0 repository interfaces.
Tomcat initialized with port(s): 8080 (http)
Initializing ProtocolHandler ["http-nio-8080"]
Starting service [Tomcat]
Starting Servlet engine: [Apache Tomcat/9.0.22]
Initializing Spring embedded WebApplicationContext
Root WebApplicationContext: initialization completed in 3673 ms
Exception encountered during context initialization - cancelling refresh attempt: org.springframework.beans.factory.UnsatisfiedDependencyException: Error creating bean with name 'generatorController': Unsatisfied dependency expressed through field 'generatorService'; nested exception is org.springframework.beans.factory.UnsatisfiedDependencyException: Error creating bean with name 'generatorServiceImpl': Unsatisfied dependency expressed through field 'dao'; nested exception is org.springframework.beans.factory.BeanCreationException: Error creating bean with name 'userRepository': Cannot create inner bean '(inner bean)#6e0fcf72' of type [org.springframework.orm.jpa.SharedEntityManagerCreator] while setting bean property 'entityManager'; nested exception is org.springframework.beans.factory.BeanCreationException: Error creating bean with name '(inner bean)#6e0fcf72': Cannot resolve reference to bean 'entityManagerFactory' while setting constructor argument; nested exception is org.springframework.beans.factory.NoSuchBeanDefinitionException: No bean named 'entityManagerFactory' available
Stopping service [Tomcat]
The web application [ROOT] appears to have started a thread named [Abandoned connection cleanup thread] but has failed to stop it. This is very likely to create a memory leak. Stack trace of thread:
 java.lang.Object.wait(Native Method)
 java.lang.ref.ReferenceQueue.remove(ReferenceQueue.java:143)
 com.mysql.jdbc.AbandonedConnectionCleanupThread.run(AbandonedConnectionCleanupThread.java:43)


Error starting ApplicationContext. To display the conditions report re-run your application with 'debug' enabled.
Starting Application on DESKTOP-QHEKKM1 with PID 3560 (E:\czk\myProject\springboot-series\springboot-api\target\classes started by Kobe in E:\czk\myProject\springboot-series)
The following profiles are active: dev
Devtools property defaults active! Set 'spring.devtools.add-properties' to 'false' to disable
For additional web related logging consider setting the 'logging.level.web' property to 'DEBUG'
Multiple Spring Data modules found, entering strict repository configuration mode!
Bootstrapping Spring Data repositories in DEFAULT mode.
Finished Spring Data repository scanning in 97ms. Found 1 repository interfaces.
Multiple Spring Data modules found, entering strict repository configuration mode!
Bootstrapping Spring Data repositories in DEFAULT mode.
Finished Spring Data repository scanning in 16ms. Found 0 repository interfaces.
Tomcat initialized with port(s): 8080 (http)
Initializing ProtocolHandler ["http-nio-8080"]
Starting service [Tomcat]
Starting Servlet engine: [Apache Tomcat/9.0.22]
Initializing Spring embedded WebApplicationContext
Root WebApplicationContext: initialization completed in 3647 ms
Exception encountered during context initialization - cancelling refresh attempt: org.springframework.beans.factory.UnsatisfiedDependencyException: Error creating bean with name 'generatorController': Unsatisfied dependency expressed through field 'generatorService'; nested exception is org.springframework.beans.factory.UnsatisfiedDependencyException: Error creating bean with name 'generatorServiceImpl': Unsatisfied dependency expressed through field 'dao'; nested exception is org.springframework.beans.factory.BeanCreationException: Error creating bean with name 'userRepository': Cannot create inner bean '(inner bean)#5b703e29' of type [org.springframework.orm.jpa.SharedEntityManagerCreator] while setting bean property 'entityManager'; nested exception is org.springframework.beans.factory.BeanCreationException: Error creating bean with name '(inner bean)#5b703e29': Cannot resolve reference to bean 'entityManagerFactory' while setting constructor argument; nested exception is org.springframework.beans.factory.NoSuchBeanDefinitionException: No bean named 'entityManagerFactory' available
Stopping service [Tomcat]
The web application [ROOT] appears to have started a thread named [Abandoned connection cleanup thread] but has failed to stop it. This is very likely to create a memory leak. Stack trace of thread:
 java.lang.Object.wait(Native Method)
 java.lang.ref.ReferenceQueue.remove(ReferenceQueue.java:143)
 com.mysql.jdbc.AbandonedConnectionCleanupThread.run(AbandonedConnectionCleanupThread.java:43)


Error starting ApplicationContext. To display the conditions report re-run your application with 'debug' enabled.
Starting Application on DESKTOP-QHEKKM1 with PID 37292 (E:\czk\myProject\springboot-series\springboot-api\target\classes started by Kobe in E:\czk\myProject\springboot-series)
The following profiles are active: dev
Devtools property defaults active! Set 'spring.devtools.add-properties' to 'false' to disable
For additional web related logging consider setting the 'logging.level.web' property to 'DEBUG'
Multiple Spring Data modules found, entering strict repository configuration mode!
Bootstrapping Spring Data repositories in DEFAULT mode.
Finished Spring Data repository scanning in 133ms. Found 1 repository interfaces.
Multiple Spring Data modules found, entering strict repository configuration mode!
Bootstrapping Spring Data repositories in DEFAULT mode.
Finished Spring Data repository scanning in 16ms. Found 0 repository interfaces.
Bean 'org.springframework.transaction.annotation.ProxyTransactionManagementConfiguration' of type [org.springframework.transaction.annotation.ProxyTransactionManagementConfiguration$$EnhancerBySpringCGLIB$$510d2b33] is not eligible for getting processed by all BeanPostProcessors (for example: not eligible for auto-proxying)
Tomcat initialized with port(s): 8080 (http)
Initializing ProtocolHandler ["http-nio-8080"]
Starting service [Tomcat]
Starting Servlet engine: [Apache Tomcat/9.0.22]
Initializing Spring embedded WebApplicationContext
Root WebApplicationContext: initialization completed in 4688 ms
default 数据源加载
加载多数据源配置信息  -->  gt.maxzhao.boot.datasource
default 数据源加载
default 数据源加载
mutiDataSource
Starting Application on DESKTOP-QHEKKM1 with PID 22860 (E:\czk\myProject\springboot-series\springboot-api\target\classes started by Kobe in E:\czk\myProject\springboot-series)
The following profiles are active: dev
Devtools property defaults active! Set 'spring.devtools.add-properties' to 'false' to disable
For additional web related logging consider setting the 'logging.level.web' property to 'DEBUG'
Multiple Spring Data modules found, entering strict repository configuration mode!
Bootstrapping Spring Data repositories in DEFAULT mode.
Finished Spring Data repository scanning in 93ms. Found 1 repository interfaces.
Multiple Spring Data modules found, entering strict repository configuration mode!
Bootstrapping Spring Data repositories in DEFAULT mode.
Finished Spring Data repository scanning in 24ms. Found 0 repository interfaces.
Bean 'org.springframework.transaction.annotation.ProxyTransactionManagementConfiguration' of type [org.springframework.transaction.annotation.ProxyTransactionManagementConfiguration$$EnhancerBySpringCGLIB$$57a61f7c] is not eligible for getting processed by all BeanPostProcessors (for example: not eligible for auto-proxying)
Tomcat initialized with port(s): 8088 (http)
Initializing ProtocolHandler ["http-nio-8088"]
Starting service [Tomcat]
Starting Servlet engine: [Apache Tomcat/9.0.22]
Initializing Spring embedded WebApplicationContext
Root WebApplicationContext: initialization completed in 4107 ms
default 数据源加载
加载多数据源配置信息  -->  gt.maxzhao.boot.datasource
default 数据源加载
default 数据源加载
mutiDataSource
Starting Application on DESKTOP-QHEKKM1 with PID 12884 (E:\czk\myProject\springboot-series\springboot-api\target\classes started by Kobe in E:\czk\myProject\springboot-series)
The following profiles are active: dev
Devtools property defaults active! Set 'spring.devtools.add-properties' to 'false' to disable
For additional web related logging consider setting the 'logging.level.web' property to 'DEBUG'
Multiple Spring Data modules found, entering strict repository configuration mode!
Bootstrapping Spring Data repositories in DEFAULT mode.
Finished Spring Data repository scanning in 96ms. Found 1 repository interfaces.
Multiple Spring Data modules found, entering strict repository configuration mode!
Bootstrapping Spring Data repositories in DEFAULT mode.
Finished Spring Data repository scanning in 19ms. Found 0 repository interfaces.
Bean 'org.springframework.transaction.annotation.ProxyTransactionManagementConfiguration' of type [org.springframework.transaction.annotation.ProxyTransactionManagementConfiguration$$EnhancerBySpringCGLIB$$8321e4d8] is not eligible for getting processed by all BeanPostProcessors (for example: not eligible for auto-proxying)
Tomcat initialized with port(s): 8088 (http)
Initializing ProtocolHandler ["http-nio-8088"]
Starting service [Tomcat]
Starting Servlet engine: [Apache Tomcat/9.0.22]
Initializing Spring embedded WebApplicationContext
Root WebApplicationContext: initialization completed in 4689 ms
default 数据源加载
加载多数据源配置信息  -->  gt.maxzhao.boot.datasource
default 数据源加载
default 数据源加载
singleDatasource
HHH000204: Processing PersistenceUnitInfo [
	name: default
	...]
HHH000412: Hibernate Core {5.3.10.Final}
HHH000206: hibernate.properties not found
HCANN000001: Hibernate Commons Annotations {5.0.4.Final}
Starting Application on DESKTOP-QHEKKM1 with PID 37580 (E:\czk\myProject\springboot-series\springboot-api\target\classes started by Kobe in E:\czk\myProject\springboot-series)
The following profiles are active: dev
Devtools property defaults active! Set 'spring.devtools.add-properties' to 'false' to disable
For additional web related logging consider setting the 'logging.level.web' property to 'DEBUG'
Multiple Spring Data modules found, entering strict repository configuration mode!
Bootstrapping Spring Data repositories in DEFAULT mode.
Finished Spring Data repository scanning in 104ms. Found 1 repository interfaces.
Multiple Spring Data modules found, entering strict repository configuration mode!
Bootstrapping Spring Data repositories in DEFAULT mode.
Finished Spring Data repository scanning in 19ms. Found 0 repository interfaces.
Bean 'org.springframework.transaction.annotation.ProxyTransactionManagementConfiguration' of type [org.springframework.transaction.annotation.ProxyTransactionManagementConfiguration$$EnhancerBySpringCGLIB$$e4d884c0] is not eligible for getting processed by all BeanPostProcessors (for example: not eligible for auto-proxying)
Tomcat initialized with port(s): 8088 (http)
Initializing ProtocolHandler ["http-nio-8088"]
Starting service [Tomcat]
Starting Servlet engine: [Apache Tomcat/9.0.22]
Initializing Spring embedded WebApplicationContext
Root WebApplicationContext: initialization completed in 4511 ms
default 数据源加载
加载多数据源配置信息  -->  gt.maxzhao.boot.datasource
default 数据源加载
default 数据源加载
singleDatasource
HHH000204: Processing PersistenceUnitInfo [
	name: default
	...]
HHH000412: Hibernate Core {5.3.10.Final}
HHH000206: hibernate.properties not found
HCANN000001: Hibernate Commons Annotations {5.0.4.Final}
{dataSource-1} inited
HHH000400: Using dialect: org.hibernate.dialect.MySQL5Dialect
Initialized JPA EntityManagerFactory for persistence unit 'default'
LiveReload server is running on port 35729
spring.jpa.open-in-view is enabled by default. Therefore, database queries may be performed during view rendering. Explicitly configure spring.jpa.open-in-view to disable this warning
Mapped URL path [/v2/api-docs] onto method [public org.springframework.http.ResponseEntity<springfox.documentation.spring.web.json.Json> springfox.documentation.swagger2.web.Swagger2Controller.getDocumentation(java.lang.String,javax.servlet.http.HttpServletRequest)]
Initializing ExecutorService 'applicationTaskExecutor'
Cannot find template location: classpath:/templates/ (please add some templates or check your Thymeleaf configuration)
Context refreshed
Found 1 custom documentation plugin(s)
Scanning for api listing references
Starting ProtocolHandler ["http-nio-8088"]
Tomcat started on port(s): 8088 (http) with context path '/series'
Started Application in 16.087 seconds (JVM running for 19.602)
Initializing Spring DispatcherServlet 'dispatcherServlet'
Initializing Servlet 'dispatcherServlet'
Completed initialization in 30 ms
Shutting down ExecutorService 'applicationTaskExecutor'
Closing JPA EntityManagerFactory for persistence unit 'default'
{dataSource-1} closed
Starting Application on DESKTOP-QHEKKM1 with PID 37580 (E:\czk\myProject\springboot-series\springboot-api\target\classes started by Kobe in E:\czk\myProject\springboot-series)
The following profiles are active: dev
Multiple Spring Data modules found, entering strict repository configuration mode!
Bootstrapping Spring Data repositories in DEFAULT mode.
Finished Spring Data repository scanning in 26ms. Found 1 repository interfaces.
Multiple Spring Data modules found, entering strict repository configuration mode!
Bootstrapping Spring Data repositories in DEFAULT mode.
Finished Spring Data repository scanning in 10ms. Found 0 repository interfaces.
Bean 'org.springframework.transaction.annotation.ProxyTransactionManagementConfiguration' of type [org.springframework.transaction.annotation.ProxyTransactionManagementConfiguration$$EnhancerBySpringCGLIB$$e4d884c0] is not eligible for getting processed by all BeanPostProcessors (for example: not eligible for auto-proxying)
Tomcat initialized with port(s): 8088 (http)
Initializing ProtocolHandler ["http-nio-8088"]
Starting service [Tomcat]
Starting Servlet engine: [Apache Tomcat/9.0.22]
Initializing Spring embedded WebApplicationContext
Root WebApplicationContext: initialization completed in 5248 ms
default 数据源加载
加载多数据源配置信息  -->  gt.maxzhao.boot.datasource
default 数据源加载
default 数据源加载
singleDatasource
HHH000204: Processing PersistenceUnitInfo [
	name: default
	...]
{dataSource-2} inited
HHH000400: Using dialect: org.hibernate.dialect.MySQL5Dialect
Initialized JPA EntityManagerFactory for persistence unit 'default'
LiveReload server is running on port 35729
spring.jpa.open-in-view is enabled by default. Therefore, database queries may be performed during view rendering. Explicitly configure spring.jpa.open-in-view to disable this warning
Mapped URL path [/v2/api-docs] onto method [public org.springframework.http.ResponseEntity<springfox.documentation.spring.web.json.Json> springfox.documentation.swagger2.web.Swagger2Controller.getDocumentation(java.lang.String,javax.servlet.http.HttpServletRequest)]
Initializing ExecutorService 'applicationTaskExecutor'
Cannot find template location: classpath:/templates/ (please add some templates or check your Thymeleaf configuration)
Context refreshed
Found 1 custom documentation plugin(s)
Scanning for api listing references
Starting ProtocolHandler ["http-nio-8088"]
Tomcat started on port(s): 8088 (http) with context path '/series'
Started Application in 13.507 seconds (JVM running for 10814.429)
Condition evaluation unchanged
Starting Application on DESKTOP-QHEKKM1 with PID 37212 (E:\czk\myProject\springboot-series\springboot-api\target\classes started by Kobe in E:\czk\myProject\springboot-series)
The following profiles are active: dev
Devtools property defaults active! Set 'spring.devtools.add-properties' to 'false' to disable
For additional web related logging consider setting the 'logging.level.web' property to 'DEBUG'
Multiple Spring Data modules found, entering strict repository configuration mode!
Bootstrapping Spring Data repositories in DEFAULT mode.
Finished Spring Data repository scanning in 111ms. Found 1 repository interfaces.
Multiple Spring Data modules found, entering strict repository configuration mode!
Bootstrapping Spring Data repositories in DEFAULT mode.
Finished Spring Data repository scanning in 16ms. Found 0 repository interfaces.
Bean 'org.springframework.transaction.annotation.ProxyTransactionManagementConfiguration' of type [org.springframework.transaction.annotation.ProxyTransactionManagementConfiguration$$EnhancerBySpringCGLIB$$3bf48298] is not eligible for getting processed by all BeanPostProcessors (for example: not eligible for auto-proxying)
Tomcat initialized with port(s): 8088 (http)
Initializing ProtocolHandler ["http-nio-8088"]
Starting service [Tomcat]
Starting Servlet engine: [Apache Tomcat/9.0.22]
Initializing Spring embedded WebApplicationContext
Root WebApplicationContext: initialization completed in 4758 ms
default 数据源加载
加载多数据源配置信息  -->  gt.maxzhao.boot.datasource
default 数据源加载
default 数据源加载
singleDatasource
HHH000204: Processing PersistenceUnitInfo [
	name: default
	...]
HHH000412: Hibernate Core {5.3.10.Final}
HHH000206: hibernate.properties not found
HCANN000001: Hibernate Commons Annotations {5.0.4.Final}
{dataSource-1} inited
HHH000400: Using dialect: org.hibernate.dialect.MySQL5Dialect
Initialized JPA EntityManagerFactory for persistence unit 'default'
LiveReload server is running on port 35729
spring.jpa.open-in-view is enabled by default. Therefore, database queries may be performed during view rendering. Explicitly configure spring.jpa.open-in-view to disable this warning
Mapped URL path [/v2/api-docs] onto method [public org.springframework.http.ResponseEntity<springfox.documentation.spring.web.json.Json> springfox.documentation.swagger2.web.Swagger2Controller.getDocumentation(java.lang.String,javax.servlet.http.HttpServletRequest)]
Initializing ExecutorService 'applicationTaskExecutor'
Cannot find template location: classpath:/templates/ (please add some templates or check your Thymeleaf configuration)
Context refreshed
Found 1 custom documentation plugin(s)
Scanning for api listing references
Generating unique operation named: getCodeUsingPOST_1
Starting ProtocolHandler ["http-nio-8088"]
Tomcat started on port(s): 8088 (http) with context path '/series'
Started Application in 16.541 seconds (JVM running for 18.994)
Initializing Spring DispatcherServlet 'dispatcherServlet'
Initializing Servlet 'dispatcherServlet'
Completed initialization in 20 ms
Starting without optional epoll library
Starting without optional kqueue library
Starting Application on DESKTOP-QHEKKM1 with PID 9100 (E:\czk\myProject\springboot-series\springboot-api\target\classes started by Kobe in E:\czk\myProject\springboot-series)
The following profiles are active: dev
Devtools property defaults active! Set 'spring.devtools.add-properties' to 'false' to disable
For additional web related logging consider setting the 'logging.level.web' property to 'DEBUG'
Multiple Spring Data modules found, entering strict repository configuration mode!
Bootstrapping Spring Data repositories in DEFAULT mode.
Finished Spring Data repository scanning in 101ms. Found 1 repository interfaces.
Multiple Spring Data modules found, entering strict repository configuration mode!
Bootstrapping Spring Data repositories in DEFAULT mode.
Finished Spring Data repository scanning in 17ms. Found 0 repository interfaces.
Bean 'org.springframework.transaction.annotation.ProxyTransactionManagementConfiguration' of type [org.springframework.transaction.annotation.ProxyTransactionManagementConfiguration$$EnhancerBySpringCGLIB$$7453bfe2] is not eligible for getting processed by all BeanPostProcessors (for example: not eligible for auto-proxying)
Tomcat initialized with port(s): 8088 (http)
Initializing ProtocolHandler ["http-nio-8088"]
Starting service [Tomcat]
Starting Servlet engine: [Apache Tomcat/9.0.22]
Initializing Spring embedded WebApplicationContext
Root WebApplicationContext: initialization completed in 4158 ms
default 数据源加载
加载多数据源配置信息  -->  gt.maxzhao.boot.datasource
default 数据源加载
default 数据源加载
singleDatasource
HHH000204: Processing PersistenceUnitInfo [
	name: default
	...]
HHH000412: Hibernate Core {5.3.10.Final}
HHH000206: hibernate.properties not found
HCANN000001: Hibernate Commons Annotations {5.0.4.Final}
{dataSource-1} inited
HHH000400: Using dialect: org.hibernate.dialect.MySQL5Dialect
Initialized JPA EntityManagerFactory for persistence unit 'default'
LiveReload server is running on port 35729
spring.jpa.open-in-view is enabled by default. Therefore, database queries may be performed during view rendering. Explicitly configure spring.jpa.open-in-view to disable this warning
Mapped URL path [/v2/api-docs] onto method [public org.springframework.http.ResponseEntity<springfox.documentation.spring.web.json.Json> springfox.documentation.swagger2.web.Swagger2Controller.getDocumentation(java.lang.String,javax.servlet.http.HttpServletRequest)]
Initializing ExecutorService 'applicationTaskExecutor'
Cannot find template location: classpath:/templates/ (please add some templates or check your Thymeleaf configuration)
Context refreshed
Found 1 custom documentation plugin(s)
Scanning for api listing references
Generating unique operation named: getCodeUsingPOST_1
Starting ProtocolHandler ["http-nio-8088"]
Tomcat started on port(s): 8088 (http) with context path '/series'
Started Application in 16.027 seconds (JVM running for 18.855)
Initializing Spring DispatcherServlet 'dispatcherServlet'
Initializing Servlet 'dispatcherServlet'
Completed initialization in 31 ms
Starting without optional epoll library
Starting without optional kqueue library
Starting Application on DESKTOP-QHEKKM1 with PID 33572 (E:\czk\myProject\springboot-series\springboot-api\target\classes started by Kobe in E:\czk\myProject\springboot-series)
The following profiles are active: dev
Devtools property defaults active! Set 'spring.devtools.add-properties' to 'false' to disable
For additional web related logging consider setting the 'logging.level.web' property to 'DEBUG'
Multiple Spring Data modules found, entering strict repository configuration mode!
Bootstrapping Spring Data repositories in DEFAULT mode.
Finished Spring Data repository scanning in 105ms. Found 1 repository interfaces.
Multiple Spring Data modules found, entering strict repository configuration mode!
Bootstrapping Spring Data repositories in DEFAULT mode.
Finished Spring Data repository scanning in 18ms. Found 0 repository interfaces.
Bean 'org.springframework.transaction.annotation.ProxyTransactionManagementConfiguration' of type [org.springframework.transaction.annotation.ProxyTransactionManagementConfiguration$$EnhancerBySpringCGLIB$$c9c421f9] is not eligible for getting processed by all BeanPostProcessors (for example: not eligible for auto-proxying)
Tomcat initialized with port(s): 8088 (http)
Initializing ProtocolHandler ["http-nio-8088"]
Starting service [Tomcat]
Starting Servlet engine: [Apache Tomcat/9.0.22]
Initializing Spring embedded WebApplicationContext
Root WebApplicationContext: initialization completed in 4199 ms
default 数据源加载
加载多数据源配置信息  -->  gt.maxzhao.boot.datasource
default 数据源加载
default 数据源加载
singleDatasource
HHH000204: Processing PersistenceUnitInfo [
	name: default
	...]
HHH000412: Hibernate Core {5.3.10.Final}
HHH000206: hibernate.properties not found
HCANN000001: Hibernate Commons Annotations {5.0.4.Final}
{dataSource-1} inited
HHH000400: Using dialect: org.hibernate.dialect.MySQL5Dialect
Initialized JPA EntityManagerFactory for persistence unit 'default'
LiveReload server is running on port 35729
spring.jpa.open-in-view is enabled by default. Therefore, database queries may be performed during view rendering. Explicitly configure spring.jpa.open-in-view to disable this warning
Mapped URL path [/v2/api-docs] onto method [public org.springframework.http.ResponseEntity<springfox.documentation.spring.web.json.Json> springfox.documentation.swagger2.web.Swagger2Controller.getDocumentation(java.lang.String,javax.servlet.http.HttpServletRequest)]
Initializing ExecutorService 'applicationTaskExecutor'
Cannot find template location: classpath:/templates/ (please add some templates or check your Thymeleaf configuration)
Context refreshed
Found 1 custom documentation plugin(s)
Scanning for api listing references
Generating unique operation named: getCodeUsingPOST_1
Starting ProtocolHandler ["http-nio-8088"]
Tomcat started on port(s): 8088 (http) with context path '/series'
Started Application in 15.023 seconds (JVM running for 17.651)
Initializing Spring DispatcherServlet 'dispatcherServlet'
Initializing Servlet 'dispatcherServlet'
Completed initialization in 25 ms
response: {"Message":"OK","RequestId":"C21DD374-11FA-491D-BC2E-DA0BDDF4FFDC","BizId":"158120179075563564^0","Code":"OK"}
Starting without optional epoll library
Starting without optional kqueue library
Resolved [org.springframework.web.HttpRequestMethodNotSupportedException: Request method 'GET' not supported]
Resolved [org.springframework.web.bind.MissingServletRequestParameterException: Required String parameter 'phone' is not present]
Resolved [org.springframework.web.bind.MissingServletRequestParameterException: Required String parameter 'phone' is not present]
Starting Application on DESKTOP-QHEKKM1 with PID 31928 (E:\czk\myProject\springboot-series\springboot-api\target\classes started by Kobe in E:\czk\myProject\springboot-series)
The following profiles are active: dev
Devtools property defaults active! Set 'spring.devtools.add-properties' to 'false' to disable
For additional web related logging consider setting the 'logging.level.web' property to 'DEBUG'
Multiple Spring Data modules found, entering strict repository configuration mode!
Bootstrapping Spring Data repositories in DEFAULT mode.
Finished Spring Data repository scanning in 127ms. Found 1 repository interfaces.
Multiple Spring Data modules found, entering strict repository configuration mode!
Bootstrapping Spring Data repositories in DEFAULT mode.
Finished Spring Data repository scanning in 17ms. Found 0 repository interfaces.
Bean 'org.springframework.transaction.annotation.ProxyTransactionManagementConfiguration' of type [org.springframework.transaction.annotation.ProxyTransactionManagementConfiguration$$EnhancerBySpringCGLIB$$ef2538e9] is not eligible for getting processed by all BeanPostProcessors (for example: not eligible for auto-proxying)
Tomcat initialized with port(s): 8088 (http)
Initializing ProtocolHandler ["http-nio-8088"]
Starting service [Tomcat]
Starting Servlet engine: [Apache Tomcat/9.0.22]
Initializing Spring embedded WebApplicationContext
Root WebApplicationContext: initialization completed in 4418 ms
default 数据源加载
加载多数据源配置信息  -->  gt.maxzhao.boot.datasource
default 数据源加载
default 数据源加载
singleDatasource
HHH000204: Processing PersistenceUnitInfo [
	name: default
	...]
HHH000412: Hibernate Core {5.3.10.Final}
HHH000206: hibernate.properties not found
HCANN000001: Hibernate Commons Annotations {5.0.4.Final}
{dataSource-1} inited
HHH000400: Using dialect: org.hibernate.dialect.MySQL5Dialect
Initialized JPA EntityManagerFactory for persistence unit 'default'
LiveReload server is running on port 35729
spring.jpa.open-in-view is enabled by default. Therefore, database queries may be performed during view rendering. Explicitly configure spring.jpa.open-in-view to disable this warning
Mapped URL path [/v2/api-docs] onto method [public org.springframework.http.ResponseEntity<springfox.documentation.spring.web.json.Json> springfox.documentation.swagger2.web.Swagger2Controller.getDocumentation(java.lang.String,javax.servlet.http.HttpServletRequest)]
Initializing ExecutorService 'applicationTaskExecutor'
Cannot find template location: classpath:/templates/ (please add some templates or check your Thymeleaf configuration)
Context refreshed
Found 1 custom documentation plugin(s)
Scanning for api listing references
Generating unique operation named: getCodeUsingPOST_1
Starting ProtocolHandler ["http-nio-8088"]
Tomcat started on port(s): 8088 (http) with context path '/series'
Started Application in 15.342 seconds (JVM running for 17.831)
Initializing Spring DispatcherServlet 'dispatcherServlet'
Initializing Servlet 'dispatcherServlet'
Completed initialization in 26 ms
Resolved [org.springframework.web.bind.MissingServletRequestParameterException: Required String parameter 'phone' is not present]
Starting without optional epoll library
Starting without optional kqueue library
response: {"Message":"OK","RequestId":"A8FE36C8-EE7A-4B4C-B321-F3FFF89D7A4B","BizId":"167213279075963570^0","Code":"OK"}
Starting Application on DESKTOP-QHEKKM1 with PID 28064 (E:\czk\myProject\springboot-series\springboot-api\target\classes started by Kobe in E:\czk\myProject\springboot-series)
The following profiles are active: dev
Devtools property defaults active! Set 'spring.devtools.add-properties' to 'false' to disable
For additional web related logging consider setting the 'logging.level.web' property to 'DEBUG'
Multiple Spring Data modules found, entering strict repository configuration mode!
Bootstrapping Spring Data repositories in DEFAULT mode.
Finished Spring Data repository scanning in 97ms. Found 1 repository interfaces.
Multiple Spring Data modules found, entering strict repository configuration mode!
Bootstrapping Spring Data repositories in DEFAULT mode.
Finished Spring Data repository scanning in 18ms. Found 0 repository interfaces.
Bean 'org.springframework.transaction.annotation.ProxyTransactionManagementConfiguration' of type [org.springframework.transaction.annotation.ProxyTransactionManagementConfiguration$$EnhancerBySpringCGLIB$$610258f6] is not eligible for getting processed by all BeanPostProcessors (for example: not eligible for auto-proxying)
Tomcat initialized with port(s): 8088 (http)
Initializing ProtocolHandler ["http-nio-8088"]
Starting service [Tomcat]
Starting Servlet engine: [Apache Tomcat/9.0.22]
Initializing Spring embedded WebApplicationContext
Root WebApplicationContext: initialization completed in 4153 ms
default 数据源加载
加载多数据源配置信息  -->  gt.maxzhao.boot.datasource
default 数据源加载
default 数据源加载
singleDatasource
HHH000204: Processing PersistenceUnitInfo [
	name: default
	...]
HHH000412: Hibernate Core {5.3.10.Final}
HHH000206: hibernate.properties not found
HCANN000001: Hibernate Commons Annotations {5.0.4.Final}
{dataSource-1} inited
HHH000400: Using dialect: org.hibernate.dialect.MySQL5Dialect
Initialized JPA EntityManagerFactory for persistence unit 'default'
LiveReload server is running on port 35729
spring.jpa.open-in-view is enabled by default. Therefore, database queries may be performed during view rendering. Explicitly configure spring.jpa.open-in-view to disable this warning
Mapped URL path [/v2/api-docs] onto method [public org.springframework.http.ResponseEntity<springfox.documentation.spring.web.json.Json> springfox.documentation.swagger2.web.Swagger2Controller.getDocumentation(java.lang.String,javax.servlet.http.HttpServletRequest)]
Initializing ExecutorService 'applicationTaskExecutor'
Cannot find template location: classpath:/templates/ (please add some templates or check your Thymeleaf configuration)
Context refreshed
Found 1 custom documentation plugin(s)
Scanning for api listing references
Generating unique operation named: getCodeUsingPOST_1
Starting ProtocolHandler ["http-nio-8088"]
Tomcat started on port(s): 8088 (http) with context path '/series'
Started Application in 15.117 seconds (JVM running for 17.789)
Starting Application on DESKTOP-QHEKKM1 with PID 10432 (E:\czk\myProject\springboot-series\springboot-api\target\classes started by Kobe in E:\czk\myProject\springboot-series)
The following profiles are active: dev
Devtools property defaults active! Set 'spring.devtools.add-properties' to 'false' to disable
For additional web related logging consider setting the 'logging.level.web' property to 'DEBUG'
Multiple Spring Data modules found, entering strict repository configuration mode!
Bootstrapping Spring Data repositories in DEFAULT mode.
Finished Spring Data repository scanning in 97ms. Found 1 repository interfaces.
Multiple Spring Data modules found, entering strict repository configuration mode!
Bootstrapping Spring Data repositories in DEFAULT mode.
Finished Spring Data repository scanning in 17ms. Found 0 repository interfaces.
Bean 'org.springframework.transaction.annotation.ProxyTransactionManagementConfiguration' of type [org.springframework.transaction.annotation.ProxyTransactionManagementConfiguration$$EnhancerBySpringCGLIB$$5445c480] is not eligible for getting processed by all BeanPostProcessors (for example: not eligible for auto-proxying)
Tomcat initialized with port(s): 8088 (http)
Initializing ProtocolHandler ["http-nio-8088"]
Starting service [Tomcat]
Starting Servlet engine: [Apache Tomcat/9.0.22]
Initializing Spring embedded WebApplicationContext
Root WebApplicationContext: initialization completed in 4093 ms
default 数据源加载
加载多数据源配置信息  -->  gt.maxzhao.boot.datasource
default 数据源加载
default 数据源加载
singleDatasource
HHH000204: Processing PersistenceUnitInfo [
	name: default
	...]
HHH000412: Hibernate Core {5.3.10.Final}
HHH000206: hibernate.properties not found
HCANN000001: Hibernate Commons Annotations {5.0.4.Final}
{dataSource-1} inited
HHH000400: Using dialect: org.hibernate.dialect.MySQL5Dialect
Initialized JPA EntityManagerFactory for persistence unit 'default'
LiveReload server is running on port 35729
spring.jpa.open-in-view is enabled by default. Therefore, database queries may be performed during view rendering. Explicitly configure spring.jpa.open-in-view to disable this warning
Mapped URL path [/v2/api-docs] onto method [public org.springframework.http.ResponseEntity<springfox.documentation.spring.web.json.Json> springfox.documentation.swagger2.web.Swagger2Controller.getDocumentation(java.lang.String,javax.servlet.http.HttpServletRequest)]
Initializing ExecutorService 'applicationTaskExecutor'
Cannot find template location: classpath:/templates/ (please add some templates or check your Thymeleaf configuration)
Context refreshed
Found 1 custom documentation plugin(s)
Scanning for api listing references
Generating unique operation named: getCodeUsingPOST_1
Starting ProtocolHandler ["http-nio-8088"]
Tomcat started on port(s): 8088 (http) with context path '/series'
Started Application in 15.207 seconds (JVM running for 17.513)
Initializing Spring DispatcherServlet 'dispatcherServlet'
Initializing Servlet 'dispatcherServlet'
Completed initialization in 40 ms
Starting without optional epoll library
Starting without optional kqueue library
Resolved [org.springframework.web.bind.MissingServletRequestParameterException: Required String parameter 'otpCode' is not present]
