Starting Application on DESKTOP-QHEKKM1 with PID 32476 (E:\czk\myProject\springboot-series\springboot-api\target\classes started by Kobe in E:\czk\myProject\springboot-series)
The following profiles are active: dev
Devtools property defaults active! Set 'spring.devtools.add-properties' to 'false' to disable
For additional web related logging consider setting the 'logging.level.web' property to 'DEBUG'
Multiple Spring Data modules found, entering strict repository configuration mode!
Bootstrapping Spring Data repositories in DEFAULT mode.
Finished Spring Data repository scanning in 108ms. Found 1 repository interfaces.
Multiple Spring Data modules found, entering strict repository configuration mode!
Bootstrapping Spring Data repositories in DEFAULT mode.
Finished Spring Data repository scanning in 18ms. Found 0 repository interfaces.
Bean 'org.springframework.transaction.annotation.ProxyTransactionManagementConfiguration' of type [org.springframework.transaction.annotation.ProxyTransactionManagementConfiguration$$EnhancerBySpringCGLIB$$eb119cc8] is not eligible for getting processed by all BeanPostProcessors (for example: not eligible for auto-proxying)
Tomcat initialized with port(s): 8088 (http)
Initializing ProtocolHandler ["http-nio-8088"]
Starting service [Tomcat]
Starting Servlet engine: [Apache Tomcat/9.0.22]
Initializing Spring embedded WebApplicationContext
Root WebApplicationContext: initialization completed in 4380 ms
default 数据源加载
加载多数据源配置信息  -->  gt.maxzhao.boot.datasource
default 数据源加载
default 数据源加载
singleDatasource
HHH000204: Processing PersistenceUnitInfo [
	name: default
	...]
HHH000412: Hibernate Core {5.3.10.Final}
HHH000206: hibernate.properties not found
HCANN000001: Hibernate Commons Annotations {5.0.4.Final}
{dataSource-1} inited
HHH000400: Using dialect: org.hibernate.dialect.MySQL5Dialect
Initialized JPA EntityManagerFactory for persistence unit 'default'
LiveReload server is running on port 35729
spring.jpa.open-in-view is enabled by default. Therefore, database queries may be performed during view rendering. Explicitly configure spring.jpa.open-in-view to disable this warning
Mapped URL path [/v2/api-docs] onto method [public org.springframework.http.ResponseEntity<springfox.documentation.spring.web.json.Json> springfox.documentation.swagger2.web.Swagger2Controller.getDocumentation(java.lang.String,javax.servlet.http.HttpServletRequest)]
Initializing ExecutorService 'applicationTaskExecutor'
Cannot find template location: classpath:/templates/ (please add some templates or check your Thymeleaf configuration)
Context refreshed
Found 1 custom documentation plugin(s)
Scanning for api listing references
Generating unique operation named: getCodeUsingPOST_1
Starting ProtocolHandler ["http-nio-8088"]
Tomcat started on port(s): 8088 (http) with context path '/series'
Started Application in 16.089 seconds (JVM running for 18.799)
Initializing Spring DispatcherServlet 'dispatcherServlet'
Initializing Servlet 'dispatcherServlet'
Completed initialization in 18 ms
response: {"Message":"OK","RequestId":"07593CF0-E030-4FD6-A356-FA9D9C53E695","BizId":"813420979153053019^0","Code":"OK"}
Starting without optional epoll library
Starting without optional kqueue library
response: {"Message":"OK","RequestId":"874FE68A-031A-48A2-A7D8-09C3616B99E0","BizId":"962925579153088407^0","Code":"OK"}
Invalid chunk starting at byte [18] and ending at byte [25] with a value of [=591908] ignored
 Note: further occurrences of Parameter errors will be logged at DEBUG level.
Resolved [org.springframework.web.bind.MissingServletRequestParameterException: Required String parameter 'otpCode' is not present]
Starting Application on DESKTOP-QHEKKM1 with PID 35360 (E:\czk\myProject\springboot-series\springboot-api\target\classes started by Kobe in E:\czk\myProject\springboot-series)
The following profiles are active: dev
Devtools property defaults active! Set 'spring.devtools.add-properties' to 'false' to disable
For additional web related logging consider setting the 'logging.level.web' property to 'DEBUG'
Multiple Spring Data modules found, entering strict repository configuration mode!
Bootstrapping Spring Data repositories in DEFAULT mode.
Finished Spring Data repository scanning in 161ms. Found 1 repository interfaces.
Multiple Spring Data modules found, entering strict repository configuration mode!
Bootstrapping Spring Data repositories in DEFAULT mode.
Finished Spring Data repository scanning in 16ms. Found 0 repository interfaces.
Bean 'org.springframework.transaction.annotation.ProxyTransactionManagementConfiguration' of type [org.springframework.transaction.annotation.ProxyTransactionManagementConfiguration$$EnhancerBySpringCGLIB$$dad649df] is not eligible for getting processed by all BeanPostProcessors (for example: not eligible for auto-proxying)
Tomcat initialized with port(s): 8088 (http)
Initializing ProtocolHandler ["http-nio-8088"]
Starting service [Tomcat]
Starting Servlet engine: [Apache Tomcat/9.0.22]
Initializing Spring embedded WebApplicationContext
Root WebApplicationContext: initialization completed in 4431 ms
default 数据源加载
加载多数据源配置信息  -->  gt.maxzhao.boot.datasource
default 数据源加载
default 数据源加载
singleDatasource
HHH000204: Processing PersistenceUnitInfo [
	name: default
	...]
HHH000412: Hibernate Core {5.3.10.Final}
HHH000206: hibernate.properties not found
HCANN000001: Hibernate Commons Annotations {5.0.4.Final}
{dataSource-1} inited
HHH000400: Using dialect: org.hibernate.dialect.MySQL5Dialect
Initialized JPA EntityManagerFactory for persistence unit 'default'
LiveReload server is running on port 35729
spring.jpa.open-in-view is enabled by default. Therefore, database queries may be performed during view rendering. Explicitly configure spring.jpa.open-in-view to disable this warning
Mapped URL path [/v2/api-docs] onto method [public org.springframework.http.ResponseEntity<springfox.documentation.spring.web.json.Json> springfox.documentation.swagger2.web.Swagger2Controller.getDocumentation(java.lang.String,javax.servlet.http.HttpServletRequest)]
Initializing ExecutorService 'applicationTaskExecutor'
Cannot find template location: classpath:/templates/ (please add some templates or check your Thymeleaf configuration)
Context refreshed
Found 1 custom documentation plugin(s)
Scanning for api listing references
Generating unique operation named: getCodeUsingPOST_1
Starting ProtocolHandler ["http-nio-8088"]
Tomcat started on port(s): 8088 (http) with context path '/series'
Started Application in 16.936 seconds (JVM running for 19.652)
Initializing Spring DispatcherServlet 'dispatcherServlet'
Initializing Servlet 'dispatcherServlet'
Completed initialization in 17 ms
Invalid chunk starting at byte [18] and ending at byte [25] with a value of [=591908] ignored
 Note: further occurrences of Parameter errors will be logged at DEBUG level.
Resolved [org.springframework.web.bind.MissingServletRequestParameterException: Required String parameter 'otpCode' is not present]
Starting without optional epoll library
Starting without optional kqueue library
response: {"Message":"OK","RequestId":"F5E18589-0329-4DF2-A01D-BE725500336E","BizId":"655120079153478828^0","Code":"OK"}
SQL Error: 1062, SQLState: 23000
Starting Application on DESKTOP-QHEKKM1 with PID 40104 (E:\czk\myProject\springboot-series\springboot-api\target\classes started by Kobe in E:\czk\myProject\springboot-series)
The following profiles are active: dev
Devtools property defaults active! Set 'spring.devtools.add-properties' to 'false' to disable
For additional web related logging consider setting the 'logging.level.web' property to 'DEBUG'
Multiple Spring Data modules found, entering strict repository configuration mode!
Bootstrapping Spring Data repositories in DEFAULT mode.
Finished Spring Data repository scanning in 108ms. Found 1 repository interfaces.
Multiple Spring Data modules found, entering strict repository configuration mode!
Bootstrapping Spring Data repositories in DEFAULT mode.
Finished Spring Data repository scanning in 20ms. Found 0 repository interfaces.
Bean 'org.springframework.transaction.annotation.ProxyTransactionManagementConfiguration' of type [org.springframework.transaction.annotation.ProxyTransactionManagementConfiguration$$EnhancerBySpringCGLIB$$c3025407] is not eligible for getting processed by all BeanPostProcessors (for example: not eligible for auto-proxying)
Tomcat initialized with port(s): 8088 (http)
Initializing ProtocolHandler ["http-nio-8088"]
Starting service [Tomcat]
Starting Servlet engine: [Apache Tomcat/9.0.22]
Initializing Spring embedded WebApplicationContext
Root WebApplicationContext: initialization completed in 4449 ms
default 数据源加载
加载多数据源配置信息  -->  gt.maxzhao.boot.datasource
default 数据源加载
default 数据源加载
singleDatasource
HHH000204: Processing PersistenceUnitInfo [
	name: default
	...]
HHH000412: Hibernate Core {5.3.10.Final}
HHH000206: hibernate.properties not found
HCANN000001: Hibernate Commons Annotations {5.0.4.Final}
{dataSource-1} inited
HHH000400: Using dialect: org.hibernate.dialect.MySQL5Dialect
Exception encountered during context initialization - cancelling refresh attempt: org.springframework.beans.factory.BeanCreationException: Error creating bean with name 'entityManagerFactory' defined in class path resource [org/springframework/boot/autoconfigure/orm/jpa/HibernateJpaConfiguration.class]: Invocation of init method failed; nested exception is javax.persistence.PersistenceException: [PersistenceUnit: default] Unable to build Hibernate SessionFactory; nested exception is org.hibernate.MappingException: Could not get constructor for org.hibernate.persister.entity.SingleTableEntityPersister
{dataSource-1} closed
Stopping service [Tomcat]


Error starting ApplicationContext. To display the conditions report re-run your application with 'debug' enabled.
Starting Application on DESKTOP-QHEKKM1 with PID 38552 (E:\czk\myProject\springboot-series\springboot-api\target\classes started by Kobe in E:\czk\myProject\springboot-series)
The following profiles are active: dev
Devtools property defaults active! Set 'spring.devtools.add-properties' to 'false' to disable
For additional web related logging consider setting the 'logging.level.web' property to 'DEBUG'
Multiple Spring Data modules found, entering strict repository configuration mode!
Bootstrapping Spring Data repositories in DEFAULT mode.
Finished Spring Data repository scanning in 103ms. Found 1 repository interfaces.
Multiple Spring Data modules found, entering strict repository configuration mode!
Bootstrapping Spring Data repositories in DEFAULT mode.
Finished Spring Data repository scanning in 39ms. Found 0 repository interfaces.
Bean 'org.springframework.transaction.annotation.ProxyTransactionManagementConfiguration' of type [org.springframework.transaction.annotation.ProxyTransactionManagementConfiguration$$EnhancerBySpringCGLIB$$c6cc51d3] is not eligible for getting processed by all BeanPostProcessors (for example: not eligible for auto-proxying)
Tomcat initialized with port(s): 8088 (http)
Initializing ProtocolHandler ["http-nio-8088"]
Starting service [Tomcat]
Starting Servlet engine: [Apache Tomcat/9.0.22]
Initializing Spring embedded WebApplicationContext
Root WebApplicationContext: initialization completed in 4135 ms
default 数据源加载
加载多数据源配置信息  -->  gt.maxzhao.boot.datasource
default 数据源加载
default 数据源加载
singleDatasource
HHH000204: Processing PersistenceUnitInfo [
	name: default
	...]
HHH000412: Hibernate Core {5.3.10.Final}
HHH000206: hibernate.properties not found
HCANN000001: Hibernate Commons Annotations {5.0.4.Final}
{dataSource-1} inited
HHH000400: Using dialect: org.hibernate.dialect.MySQL5Dialect
Initialized JPA EntityManagerFactory for persistence unit 'default'
LiveReload server is running on port 35729
spring.jpa.open-in-view is enabled by default. Therefore, database queries may be performed during view rendering. Explicitly configure spring.jpa.open-in-view to disable this warning
Mapped URL path [/v2/api-docs] onto method [public org.springframework.http.ResponseEntity<springfox.documentation.spring.web.json.Json> springfox.documentation.swagger2.web.Swagger2Controller.getDocumentation(java.lang.String,javax.servlet.http.HttpServletRequest)]
Initializing ExecutorService 'applicationTaskExecutor'
Cannot find template location: classpath:/templates/ (please add some templates or check your Thymeleaf configuration)
Context refreshed
Found 1 custom documentation plugin(s)
Scanning for api listing references
Generating unique operation named: getCodeUsingPOST_1
Starting ProtocolHandler ["http-nio-8088"]
Tomcat started on port(s): 8088 (http) with context path '/series'
Started Application in 16.054 seconds (JVM running for 18.668)
Initializing Spring DispatcherServlet 'dispatcherServlet'
Initializing Servlet 'dispatcherServlet'
Completed initialization in 27 ms
response: {"Message":"OK","RequestId":"B65F21AC-FB1B-481D-92FB-285E6426BCEA","BizId":"421902279153867106^0","Code":"OK"}
Starting without optional epoll library
Starting without optional kqueue library
Starting Application on DESKTOP-QHEKKM1 with PID 40336 (E:\czk\myProject\springboot-series\springboot-api\target\classes started by Kobe in E:\czk\myProject\springboot-series)
The following profiles are active: dev
Devtools property defaults active! Set 'spring.devtools.add-properties' to 'false' to disable
For additional web related logging consider setting the 'logging.level.web' property to 'DEBUG'
Multiple Spring Data modules found, entering strict repository configuration mode!
Bootstrapping Spring Data repositories in DEFAULT mode.
Finished Spring Data repository scanning in 95ms. Found 1 repository interfaces.
Multiple Spring Data modules found, entering strict repository configuration mode!
Bootstrapping Spring Data repositories in DEFAULT mode.
Finished Spring Data repository scanning in 16ms. Found 0 repository interfaces.
Bean 'org.springframework.transaction.annotation.ProxyTransactionManagementConfiguration' of type [org.springframework.transaction.annotation.ProxyTransactionManagementConfiguration$$EnhancerBySpringCGLIB$$ec79f06f] is not eligible for getting processed by all BeanPostProcessors (for example: not eligible for auto-proxying)
Tomcat initialized with port(s): 8088 (http)
Initializing ProtocolHandler ["http-nio-8088"]
Starting service [Tomcat]
Starting Servlet engine: [Apache Tomcat/9.0.22]
Initializing Spring embedded WebApplicationContext
Root WebApplicationContext: initialization completed in 4276 ms
default 数据源加载
加载多数据源配置信息  -->  gt.maxzhao.boot.datasource
default 数据源加载
default 数据源加载
singleDatasource
HHH000204: Processing PersistenceUnitInfo [
	name: default
	...]
HHH000412: Hibernate Core {5.3.10.Final}
HHH000206: hibernate.properties not found
HCANN000001: Hibernate Commons Annotations {5.0.4.Final}
{dataSource-1} inited
HHH000400: Using dialect: org.hibernate.dialect.MySQL5Dialect
Initialized JPA EntityManagerFactory for persistence unit 'default'
LiveReload server is running on port 35729
spring.jpa.open-in-view is enabled by default. Therefore, database queries may be performed during view rendering. Explicitly configure spring.jpa.open-in-view to disable this warning
Mapped URL path [/v2/api-docs] onto method [public org.springframework.http.ResponseEntity<springfox.documentation.spring.web.json.Json> springfox.documentation.swagger2.web.Swagger2Controller.getDocumentation(java.lang.String,javax.servlet.http.HttpServletRequest)]
Initializing ExecutorService 'applicationTaskExecutor'
Cannot find template location: classpath:/templates/ (please add some templates or check your Thymeleaf configuration)
Context refreshed
Found 1 custom documentation plugin(s)
Scanning for api listing references
Generating unique operation named: getCodeUsingPOST_1
Starting ProtocolHandler ["http-nio-8088"]
Tomcat started on port(s): 8088 (http) with context path '/series'
Started Application in 16.035 seconds (JVM running for 18.398)
